[debug] [2025-05-27T04:26:14.626Z] ----------------------------------------------------------------------
[debug] [2025-05-27T04:26:14.634Z] Command:       C:\Program Files\nodejs\node.exe C:\Users\aront\AppData\Roaming\npm\node_modules\firebase-tools\lib\bin\firebase.js init functions
[debug] [2025-05-27T04:26:14.635Z] CLI Version:   14.4.0
[debug] [2025-05-27T04:26:14.635Z] Platform:      win32
[debug] [2025-05-27T04:26:14.636Z] Node Version:  v22.15.1
[debug] [2025-05-27T04:26:14.636Z] Time:          Tue May 27 2025 09:56:14 GMT+0530 (India Standard Time)
[debug] [2025-05-27T04:26:14.637Z] ----------------------------------------------------------------------
[debug] 
[debug] [2025-05-27T04:26:14.650Z] > command requires scopes: ["email","openid","https://www.googleapis.com/auth/cloudplatformprojects.readonly","https://www.googleapis.com/auth/firebase","https://www.googleapis.com/auth/cloud-platform"]
[debug] [2025-05-27T04:26:14.650Z] > authorizing via signed-in user (krishna@bytesor.com)
[info] 
     ######## #### ########  ######## ########     ###     ######  ########
     ##        ##  ##     ## ##       ##     ##  ##   ##  ##       ##
     ######    ##  ########  ######   ########  #########  ######  ######
     ##        ##  ##    ##  ##       ##     ## ##     ##       ## ##
     ##       #### ##     ## ######## ########  ##     ##  ######  ########

You're about to initialize a Firebase project in this directory:

  C:\Krishna\api\api

Before we get started, keep in mind:

  * You are currently outside your home directory

[info] 
=== Project Setup
[info] 
[info] First, let's associate this project directory with a Firebase project.
[info] You can create multiple project aliases by running firebase use --add, 
[info] but for now we'll just set up a default project.
[info] 
[info] i  If you want to create a project in a Google Cloud organization or folder, please use "firebase projects:create" instead, and return to this command when you've created the project. 
